[35m[1mScanning dependencies of target f1tenth_simulator[0m
[  0%] Built target sensor_msgs_generate_messages_cpp
[  5%] [32mBuilding CXX object CMakeFiles/f1tenth_simulator.dir/src/distance_transform.cpp.o[0m
[  5%] Built target std_msgs_generate_messages_cpp
[  5%] Built target nav_msgs_generate_messages_cpp
[  5%] Built target sensor_msgs_generate_messages_eus
[  5%] Built target nav_msgs_generate_messages_eus
[  5%] Built target std_msgs_generate_messages_eus
[  5%] Built target nav_msgs_generate_messages_lisp
[  5%] Built target std_msgs_generate_messages_lisp
[  5%] Built target sensor_msgs_generate_messages_lisp
[  5%] Built target sensor_msgs_generate_messages_nodejs
[  5%] Built target std_msgs_generate_messages_nodejs
[  5%] Built target nav_msgs_generate_messages_nodejs
[  5%] Built target sensor_msgs_generate_messages_py
[  5%] Built target std_msgs_generate_messages_py
[  5%] Built target nav_msgs_generate_messages_py
[  5%] Built target f1tenth_simulator_generate_messages_cpp
[ 11%] Built target f1tenth_simulator_generate_messages_eus
[ 11%] Built target f1tenth_simulator_generate_messages_lisp
[ 11%] Built target f1tenth_simulator_generate_messages_nodejs
[ 17%] [32mBuilding CXX object CMakeFiles/f1tenth_simulator.dir/src/ks_kinematics.cpp.o[0m
[ 17%] Built target f1tenth_simulator_generate_messages_py
[ 23%] [32mBuilding CXX object CMakeFiles/f1tenth_simulator.dir/src/precompute.cpp.o[0m
[ 29%] [32mBuilding CXX object CMakeFiles/f1tenth_simulator.dir/src/scan_simulator_2d.cpp.o[0m
[ 35%] [32mBuilding CXX object CMakeFiles/f1tenth_simulator.dir/src/st_kinematics.cpp.o[0m
[01m[K/home/killian/f1tenth_project/src/f1tenth_simulator/src/st_kinematics.cpp:[m[K In static member function ‘[01m[Kstatic racecar_simulator::CarState racecar_simulator::STKinematics::update_k(racecar_simulator::CarState, double, double, racecar_simulator::CarParams, double)[m[K’:
[01m[K/home/killian/f1tenth_project/src/f1tenth_simulator/src/st_kinematics.cpp:102:12:[m[K [01;35m[Kwarning: [m[Kunused variable ‘[01m[Ktheta_double_dot[m[K’ [[01;35m[K-Wunused-variable[m[K]
  102 |     double [01;35m[Ktheta_double_dot[m[K = accel / p.wheelbase * std::tan(start.steer_angle) +
      |            [01;35m[K^~~~~~~~~~~~~~~~[m[K
[01m[K/home/killian/f1tenth_project/src/f1tenth_simulator/src/st_kinematics.cpp:104:12:[m[K [01;35m[Kwarning: [m[Kunused variable ‘[01m[Kslip_angle_dot[m[K’ [[01;35m[K-Wunused-variable[m[K]
  104 |     double [01;35m[Kslip_angle_dot[m[K = 0;
      |            [01;35m[K^~~~~~~~~~~~~~[m[K
[ 35%] Built target f1tenth_simulator_generate_messages
[ 41%] [32m[1mLinking CXX shared library libf1tenth_simulator.so[0m
[ 41%] Built target f1tenth_simulator
[ 47%] [32m[1mLinking CXX executable /home/killian/f1tenth_project/devel/.private/f1tenth_simulator/lib/f1tenth_simulator/mux[0m
[ 52%] [32m[1mLinking CXX executable /home/killian/f1tenth_project/devel/.private/f1tenth_simulator/lib/f1tenth_simulator/simulator[0m
[ 58%] Built target mux
[ 64%] Built target simulator
[ 70%] [32m[1mLinking CXX executable /home/killian/f1tenth_project/devel/.private/f1tenth_simulator/lib/f1tenth_simulator/behavior_controller[0m
[ 76%] [32m[1mLinking CXX executable /home/killian/f1tenth_project/devel/.private/f1tenth_simulator/lib/f1tenth_simulator/random_walk[0m
[ 82%] Built target behavior_controller
[ 88%] Built target random_walk
[ 94%] [32m[1mLinking CXX executable /home/killian/f1tenth_project/devel/.private/f1tenth_simulator/lib/f1tenth_simulator/keyboard[0m
[100%] Built target keyboard
